<?xml version="1.0" encoding="UTF-8"?>
<!-- Generated by org.testng.reporters.JUnitReportReporter -->
<testsuite skipped="0" hostname="LAPTOP-A5GJABUP" name="restapiautomation.restapiautomation.FunctionalTestingRestAPI" tests="2" failures="0" timestamp="2021-02-06T22:01:24 CET" time="5.139" errors="0">
  <testcase name="GetEmployeeDetails_TC1" time="0.914" classname="restapiautomation.restapiautomation.FunctionalTestingRestAPI"/>
  <testcase name="CreateEmployee_TC2" time="4.225" classname="restapiautomation.restapiautomation.FunctionalTestingRestAPI"/>
</testsuite> <!-- restapiautomation.restapiautomation.FunctionalTestingRestAPI -->
