<?xml version="1.0" encoding="UTF-8"?>
<!-- Generated by org.testng.reporters.JUnitReportReporter -->
<testsuite skipped="0" hostname="LAPTOP-A5GJABUP" name="restapiautomation.restapiautomation.CreateCustomer" tests="1" failures="0" timestamp="2021-02-06T21:45:41 CET" time="0.010" errors="0">
  <testcase name="testcase1CreateCust" time="0.010" classname="restapiautomation.restapiautomation.CreateCustomer"/>
</testsuite> <!-- restapiautomation.restapiautomation.CreateCustomer -->
