<?xml version="1.0" encoding="UTF-8"?>
<!-- Generated by org.testng.reporters.JUnitReportReporter -->
<testsuite skipped="0" hostname="WP3078" name="com.gurukula.tests.LoginTest" tests="1" failures="0" timestamp="30 Oct 2019 10:45:14 GMT" time="6.647" errors="0">
  <testcase name="WebTableExcercise1" time="6.647" classname="com.gurukula.tests.LoginTest"/>
</testsuite> <!-- com.gurukula.tests.LoginTest -->
