<?xml version="1.0" encoding="UTF-8"?>
<!-- Generated by org.testng.reporters.JUnitReportReporter -->
<testsuite skipped="0" hostname="WP3078" name="com.gurukula.tests.BranchTest" tests="1" failures="0" timestamp="30 Oct 2019 10:45:14 GMT" time="5.619" errors="0">
  <testcase name="tc_01_testBranchPage" time="5.619" classname="com.gurukula.tests.BranchTest"/>
</testsuite> <!-- com.gurukula.tests.BranchTest -->
