<?xml version="1.0" encoding="UTF-8"?>
<!-- Generated by org.testng.reporters.JUnitReportReporter -->
<testsuite skipped="0" hostname="LAPTOP-A5GJABUP" name="ExecutingTestngFromCmdLine.UsingCommandLineArgs.AppTest" tests="3" failures="0" timestamp="2020-02-01T00:47:14 CET" time="25.384" errors="0">
  <testcase name="WebTableExcercise1" time="3.921" classname="ExecutingTestngFromCmdLine.UsingCommandLineArgs.AppTest"/>
  <testcase name="GooglePage" time="9.682" classname="ExecutingTestngFromCmdLine.UsingCommandLineArgs.AppTest"/>
  <testcase name="DropDownWithoutSelectClass_WithBootStrapProgramTest" time="11.781" classname="ExecutingTestngFromCmdLine.UsingCommandLineArgs.AppTest"/>
</testsuite> <!-- ExecutingTestngFromCmdLine.UsingCommandLineArgs.AppTest -->
