<?xml version="1.0" encoding="UTF-8"?>
<!-- Generated by org.testng.reporters.JUnitReportReporter -->
<testsuite skipped="0" hostname="WP3078" name="ExecutingTestngFromCmdLine.UsingCommandLineArgs.ImlicitWait" tests="1" failures="0" timestamp="2020-02-03T09:45:39 CET" time="5.442" errors="0">
  <testcase name="ImplicitlyWait" time="5.442" classname="ExecutingTestngFromCmdLine.UsingCommandLineArgs.ImlicitWait"/>
</testsuite> <!-- ExecutingTestngFromCmdLine.UsingCommandLineArgs.ImlicitWait -->
