<?xml version="1.0" encoding="UTF-8"?>
<!-- Generated by org.testng.reporters.JUnitReportReporter -->
<testsuite skipped="0" hostname="LAPTOP-A5GJABUP" name="ExecutingTestngFromCmdLine.UsingCommandLineArgs.ImlicitWait" tests="1" failures="0" timestamp="2020-02-01T01:04:49 CET" time="5.155" errors="0">
  <testcase name="ImplicitlyWait" time="5.155" classname="ExecutingTestngFromCmdLine.UsingCommandLineArgs.ImlicitWait"/>
</testsuite> <!-- ExecutingTestngFromCmdLine.UsingCommandLineArgs.ImlicitWait -->
