<?xml version="1.0" encoding="UTF-8"?>
<!-- Generated by org.testng.reporters.JUnitReportReporter -->
<testsuite skipped="0" hostname="WP3078" name="ExecutingTestngFromCmdLine.UsingCommandLineArgs.AppTest" tests="3" failures="0" timestamp="2020-01-31T17:40:04 CET" time="19.616" errors="0">
  <testcase name="GooglePage" time="6.985" classname="ExecutingTestngFromCmdLine.UsingCommandLineArgs.AppTest"/>
  <testcase name="DropDownWithoutSelectClass_WithBootStrapProgramTest" time="8.187" classname="ExecutingTestngFromCmdLine.UsingCommandLineArgs.AppTest"/>
  <testcase name="WebTableExcercise1" time="4.444" classname="ExecutingTestngFromCmdLine.UsingCommandLineArgs.AppTest"/>
</testsuite> <!-- ExecutingTestngFromCmdLine.UsingCommandLineArgs.AppTest -->
