<?xml version="1.0" encoding="UTF-8"?>
<!-- Generated by org.testng.reporters.JUnitReportReporter -->
<testsuite skipped="0" hostname="LAPTOP-A5GJABUP" name="SeleniumProjectDesign.SeleniumProjectDesign.CurrencyCoverTests" tests="1" failures="0" timestamp="16 Mar 2021 19:42:14 GMT" time="14.645" errors="0">
  <testcase name="T1_HeaderCheck" time="14.645" classname="SeleniumProjectDesign.SeleniumProjectDesign.CurrencyCoverTests"/>
</testsuite> <!-- SeleniumProjectDesign.SeleniumProjectDesign.CurrencyCoverTests -->
