<?xml version="1.0" encoding="UTF-8"?>
<!-- Generated by org.testng.reporters.JUnitReportReporter -->
<testsuite skipped="0" hostname="WP3078" name="com.gurukula.tests.excercises.WebTableExcercise" tests="1" failures="0" timestamp="30 Oct 2019 09:48:55 GMT" time="10.004" errors="0">
  <testcase name="WebTableExcercise1" time="10.004" classname="com.gurukula.tests.excercises.WebTableExcercise"/>
</testsuite> <!-- com.gurukula.tests.excercises.WebTableExcercise -->
