<?xml version="1.0" encoding="UTF-8"?>
<!-- Generated by org.testng.reporters.JUnitReportReporter -->
<testsuite skipped="0" hostname="LAPTOP-A5GJABUP" name="com.org.tests.NuvasiveLoginPageTests" tests="10" failures="0" timestamp="12 Apr 2020 15:42:22 GMT" time="91.778" errors="0">
  <testcase name="tc_01_LoginPageHeaderAvailableCheck" time="8.004" classname="com.org.tests.NuvasiveLoginPageTests"/>
  <testcase name="tc_04_LoginSubmitButtonAvailabilityCheck" time="10.409" classname="com.org.tests.NuvasiveLoginPageTests"/>
  <testcase name="tc_06_LoginProvisionWithValidCredentials" time="7.653" classname="com.org.tests.NuvasiveLoginPageTests"/>
  <testcase name="tc_07_UserNamePasswordFieldTypeCheck" time="8.089" classname="com.org.tests.NuvasiveLoginPageTests"/>
  <testcase name="tc_06_LoginProvisionWithValidCredentials" time="9.276" classname="com.org.tests.NuvasiveLoginPageTests"/>
  <testcase name="tc_03_LoginUsernamePasswordObjectAvailabilityCheck" time="8.028" classname="com.org.tests.NuvasiveLoginPageTests"/>
  <testcase name="tc_02_LoginPageLinkAvailabilityCheck" time="11.108" classname="com.org.tests.NuvasiveLoginPageTests"/>
  <testcase name="tc_05_ClickLoginLinkFunctionality" time="12.293" classname="com.org.tests.NuvasiveLoginPageTests"/>
  <testcase name="tc_06_LoginProvisionWithValidCredentials" time="8.466" classname="com.org.tests.NuvasiveLoginPageTests"/>
  <testcase name="tc_06_LoginProvisionWithValidCredentials" time="8.452" classname="com.org.tests.NuvasiveLoginPageTests"/>
</testsuite> <!-- com.org.tests.NuvasiveLoginPageTests -->
