<?xml version="1.0" encoding="UTF-8"?>
<!-- Generated by org.testng.reporters.JUnitReportReporter -->
<testsuite skipped="0" hostname="LAPTOP-A5GJABUP" name="TestNG_AnnotationsExcercise.TestNG_AnnotationsExcercise.AppTest" tests="5" failures="0" timestamp="01 Feb 2020 21:37:55 GMT" time="0.022" errors="0">
  <testcase name="TC4" time="0.009" classname="TestNG_AnnotationsExcercise.TestNG_AnnotationsExcercise.AppTest"/>
  <testcase name="TC5" time="0.005" classname="TestNG_AnnotationsExcercise.TestNG_AnnotationsExcercise.AppTest"/>
  <testcase name="TC1" time="0.003" classname="TestNG_AnnotationsExcercise.TestNG_AnnotationsExcercise.AppTest"/>
  <testcase name="TC2" time="0.004" classname="TestNG_AnnotationsExcercise.TestNG_AnnotationsExcercise.AppTest"/>
  <testcase name="TC3" time="0.001" classname="TestNG_AnnotationsExcercise.TestNG_AnnotationsExcercise.AppTest"/>
</testsuite> <!-- TestNG_AnnotationsExcercise.TestNG_AnnotationsExcercise.AppTest -->
