<?xml version="1.0" encoding="UTF-8"?>
<!-- Generated by org.testng.reporters.JUnitReportReporter -->
<testsuite skipped="0" hostname="LAPTOP-A5GJABUP" name="TestNG_AnnotationsExcercise.TestNG_AnnotationsExcercise.AppTest" tests="5" failures="0" timestamp="20 Oct 2020 21:15:29 GMT" time="0.005" errors="0">
  <testcase name="TC4" time="0.001" classname="TestNG_AnnotationsExcercise.TestNG_AnnotationsExcercise.AppTest"/>
  <testcase name="TC5" time="0.001" classname="TestNG_AnnotationsExcercise.TestNG_AnnotationsExcercise.AppTest"/>
  <testcase name="TC1" time="0.001" classname="TestNG_AnnotationsExcercise.TestNG_AnnotationsExcercise.AppTest"/>
  <testcase name="TC2" time="0.001" classname="TestNG_AnnotationsExcercise.TestNG_AnnotationsExcercise.AppTest"/>
  <testcase name="TC3" time="0.001" classname="TestNG_AnnotationsExcercise.TestNG_AnnotationsExcercise.AppTest"/>
</testsuite> <!-- TestNG_AnnotationsExcercise.TestNG_AnnotationsExcercise.AppTest -->
