<?xml version="1.0" encoding="UTF-8"?>
<!-- Generated by org.testng.reporters.JUnitReportReporter -->
<testsuite skipped="0" hostname="LAPTOP-A5GJABUP" name="WebElemetAndLocators.WebTableExcercise" tests="2" failures="0" timestamp="2020-02-01T00:41:58 CET" time="12.368" errors="0">
  <testcase name="WebTableExcercise1" time="4.893" classname="WebElemetAndLocators.WebTableExcercise"/>
  <testcase name="WebTableExcercise" time="7.475" classname="WebElemetAndLocators.WebTableExcercise"/>
</testsuite> <!-- WebElemetAndLocators.WebTableExcercise -->
