<?xml version="1.0" encoding="UTF-8"?>
<!-- Generated by org.testng.reporters.JUnitReportReporter -->
<testsuite skipped="0" hostname="LAPTOP-A5GJABUP" name="APITesting.RestAPI" tests="1" failures="0" timestamp="20 Oct 2020 11:55:58 GMT" time="2.128" errors="0">
  <testcase name="ReqresURL_CreateUserPost" time="2.128" classname="APITesting.RestAPI"/>
</testsuite> <!-- APITesting.RestAPI -->
