<?xml version="1.0" encoding="UTF-8"?>
<!-- Generated by org.testng.reporters.JUnitReportReporter -->
<testsuite skipped="0" hostname="WP3078" name="AdvanceSelenium.HeadlessBrowser" tests="1" failures="0" timestamp="2020-01-29T17:40:32 CET" time="4.591" errors="0">
  <testcase name="headlessbrowser" time="4.591" classname="AdvanceSelenium.HeadlessBrowser"/>
</testsuite> <!-- AdvanceSelenium.HeadlessBrowser -->
