<?xml version="1.0" encoding="UTF-8"?>
<!-- Generated by org.testng.reporters.JUnitReportReporter -->
<testsuite skipped="0" hostname="LAPTOP-A5GJABUP" name="APITesting.RestAPI" tests="1" failures="0" timestamp="19 Oct 2020 07:55:41 GMT" time="2.182" errors="0">
  <testcase name="GetStatusCodeForGoogleCOM" time="2.182" classname="APITesting.RestAPI"/>
</testsuite> <!-- APITesting.RestAPI -->
