<?xml version="1.0" encoding="UTF-8"?>
<!-- Generated by org.testng.reporters.JUnitReportReporter -->
<testsuite skipped="0" hostname="WP3078" name="APITesting.RestAPI" tests="1" failures="0" timestamp="2020-01-29T17:40:32 CET" time="1.923" errors="0">
  <testcase name="GetWeatherDetails" time="1.923" classname="APITesting.RestAPI"/>
</testsuite> <!-- APITesting.RestAPI -->
