<?xml version="1.0" encoding="UTF-8"?>
<!-- Generated by org.testng.reporters.JUnitReportReporter -->
<testsuite skipped="0" hostname="LAPTOP-A5GJABUP" name="APITesting.RestAPI" tests="8" failures="0" timestamp="30 Jan 2021 21:16:54 GMT" time="8.384" errors="0">
  <testcase name="DeleteRequestForRecord" time="4.639" classname="APITesting.RestAPI"/>
  <testcase name="GetWhetherDetailsCity" time="0.494" classname="APITesting.RestAPI"/>
  <testcase name="GetStatusCodeForGoogleCOM" time="0.204" classname="APITesting.RestAPI"/>
  <testcase name="ReqresURL_GetSingleUser" time="0.228" classname="APITesting.RestAPI"/>
  <testcase name="GetEmployeeData" time="0.847" classname="APITesting.RestAPI"/>
  <testcase name="PostRequestRestAssured" time="0.875" classname="APITesting.RestAPI"/>
  <testcase name="ReqresURL_CreateUserPost" time="0.255" classname="APITesting.RestAPI"/>
  <testcase name="UpdateRequestForRecord" time="0.842" classname="APITesting.RestAPI"/>
</testsuite> <!-- APITesting.RestAPI -->
