<?xml version="1.0" encoding="UTF-8"?>
<!-- Generated by org.testng.reporters.JUnitReportReporter -->
<testsuite skipped="0" hostname="LAPTOP-A5GJABUP" name="WebElemetAndLocators.Alerts" tests="1" failures="0" timestamp="2020-02-01T22:28:33 CET" time="11.868" errors="0">
  <testcase name="AlertsExamples" time="11.868" classname="WebElemetAndLocators.Alerts"/>
</testsuite> <!-- WebElemetAndLocators.Alerts -->
