<?xml version="1.0" encoding="UTF-8"?>
<!-- Generated by org.testng.reporters.JUnitReportReporter -->
<testsuite skipped="0" hostname="WP3078" name="WebElemetAndLocators.WebTableExcercise" tests="2" failures="0" timestamp="2020-01-29T17:54:22 CET" time="8.764" errors="0">
  <testcase name="WebTableExcercise1" time="4.056" classname="WebElemetAndLocators.WebTableExcercise"/>
  <testcase name="WebTableExcercise" time="4.708" classname="WebElemetAndLocators.WebTableExcercise"/>
</testsuite> <!-- WebElemetAndLocators.WebTableExcercise -->
