<?xml version="1.0" encoding="UTF-8"?>
<!-- Generated by org.testng.reporters.JUnitReportReporter -->
<testsuite skipped="0" hostname="WP3078" name="WebElemetAndLocators.DropDownWithoutSelectClass_WithBootStrapProgram" tests="1" failures="0" timestamp="2020-01-29T10:02:34 CET" time="7.832" errors="0">
  <testcase name="DropDownWithoutSelectClass_WithBootStrapProgramTest" time="7.832" classname="WebElemetAndLocators.DropDownWithoutSelectClass_WithBootStrapProgram"/>
</testsuite> <!-- WebElemetAndLocators.DropDownWithoutSelectClass_WithBootStrapProgram -->
