<?xml version="1.0" encoding="UTF-8"?>
<!-- Generated by org.testng.reporters.JUnitReportReporter -->
<testsuite skipped="0" hostname="WP3078" name="WebTable.WebTableExcercise" tests="2" failures="0" timestamp="2020-01-29T12:08:03 CET" time="9.082" errors="0">
  <testcase name="WebTableExcercise1" time="4.374" classname="WebTable.WebTableExcercise"/>
  <testcase name="WebTableExcercise" time="4.708" classname="WebTable.WebTableExcercise"/>
</testsuite> <!-- WebTable.WebTableExcercise -->
