<?xml version="1.0" encoding="UTF-8"?>
<!-- Generated by org.testng.reporters.JUnitReportReporter -->
<testsuite skipped="0" hostname="LAPTOP-A5GJABUP" name="FileStringModify" tests="1" failures="0" timestamp="28 Feb 2021 21:45:26 GMT" time="0.169" errors="0">
  <testcase name="test1" time="0.169" classname="FileStringModify"/>
</testsuite> <!-- FileStringModify -->
