<?xml version="1.0" encoding="UTF-8"?>
<!-- Generated by org.testng.reporters.JUnitReportReporter -->
<testsuite skipped="0" hostname="LAPTOP-A5GJABUP" name="WebElemetAndLocators.SwitchToFrame" tests="1" failures="0" timestamp="2020-02-01T22:25:42 CET" time="11.868" errors="0">
  <testcase name="FindingTotalFramesInWebPage1" time="11.868" classname="WebElemetAndLocators.SwitchToFrame"/>
</testsuite> <!-- WebElemetAndLocators.SwitchToFrame -->
