<?xml version="1.0" encoding="UTF-8"?>
<!-- Generated by org.testng.reporters.JUnitReportReporter -->
<testsuite skipped="0" hostname="WP3078" name="AdvanceSelenium.ExtentResports" tests="1" failures="0" timestamp="2020-01-29T17:40:32 CET" time="2.941" errors="0">
  <testcase name="ExtentReportsTest" time="2.941" classname="AdvanceSelenium.ExtentResports"/>
</testsuite> <!-- AdvanceSelenium.ExtentResports -->
