<?xml version="1.0" encoding="UTF-8"?>
<!-- Generated by org.testng.reporters.JUnitReportReporter -->
<testsuite skipped="0" hostname="WP3078" name="TestSeleniumPlain.TestSeleniumPlain.SampleTest" tests="1" failures="0" timestamp="2020-01-29T13:04:14 CET" time="6.715" errors="0">
  <testcase name="PageRank" time="6.715" classname="TestSeleniumPlain.TestSeleniumPlain.SampleTest"/>
</testsuite> <!-- TestSeleniumPlain.TestSeleniumPlain.SampleTest -->
