<?xml version="1.0" encoding="UTF-8"?>
<!-- Generated by org.testng.reporters.JUnitReportReporter -->
<testsuite skipped="0" hostname="WP3078" name="AdvanceSelenium.PageRank" tests="1" failures="0" timestamp="2020-01-29T13:37:06 CET" time="7.021" errors="0">
  <testcase name="PageRank" time="7.021" classname="AdvanceSelenium.PageRank"/>
</testsuite> <!-- AdvanceSelenium.PageRank -->
