<?xml version="1.0" encoding="UTF-8"?>
<!-- Generated by org.testng.reporters.JUnitReportReporter -->
<testsuite skipped="0" hostname="WP3078" name="ExtentResports" tests="1" failures="0" timestamp="2020-01-29T12:47:14 CET" time="3.682" errors="0">
  <testcase name="ExtentReportsTest" time="3.682" classname="ExtentResports"/>
</testsuite> <!-- ExtentResports -->
