<?xml version="1.0" encoding="UTF-8"?>
<!-- Generated by org.testng.reporters.JUnitReportReporter -->
<testsuite skipped="0" hostname="WP3078" name="DriverFactory.DriverFactory.AppTest" tests="3" failures="0" timestamp="2020-02-03T17:28:00 CET" time="109.185" errors="0">
  <testcase name="GooglePage" time="90.114" classname="DriverFactory.DriverFactory.AppTest"/>
  <testcase name="WebTableExcercise1" time="11.260" classname="DriverFactory.DriverFactory.AppTest"/>
  <testcase name="DropDownWithoutSelectClass_WithBootStrapProgramTest" time="7.811" classname="DriverFactory.DriverFactory.AppTest"/>
</testsuite> <!-- DriverFactory.DriverFactory.AppTest -->
