<?xml version="1.0" encoding="UTF-8"?>
<!-- Generated by org.testng.reporters.JUnitReportReporter -->
<testsuite skipped="0" hostname="LAPTOP-A5GJABUP" name="TestNG_AnnotationsExcercise.TestNG_AnnotationsExcercise.LibAutomation" tests="1" failures="0" timestamp="08 Feb 2021 21:04:01 GMT" time="0.003" errors="0">
  <testcase name="TC1_LibAuto" time="0.003" classname="TestNG_AnnotationsExcercise.TestNG_AnnotationsExcercise.LibAutomation"/>
</testsuite> <!-- TestNG_AnnotationsExcercise.TestNG_AnnotationsExcercise.LibAutomation -->
