<?xml version="1.0" encoding="UTF-8"?>
<!-- Generated by org.testng.reporters.JUnitReportReporter -->
<testsuite skipped="0" hostname="LAPTOP-A5GJABUP" name="SeleniumExcercises" tests="1" failures="0" timestamp="12 Feb 2021 20:42:34 GMT" time="7.309" errors="0">
  <testcase name="openBrowser" time="7.309" classname="SeleniumExcercises"/>
</testsuite> <!-- SeleniumExcercises -->
