<?xml version="1.0" encoding="UTF-8"?>
<!-- Generated by org.testng.reporters.JUnitReportReporter -->
<testsuite skipped="0" hostname="LAPTOP-A5GJABUP" name="BackendAutosuite.LibAutomation" tests="1" failures="0" timestamp="09 Feb 2021 20:21:06 GMT" time="0.005" errors="0">
  <testcase name="TC1_LibAuto" time="0.005" classname="BackendAutosuite.LibAutomation"/>
</testsuite> <!-- BackendAutosuite.LibAutomation -->
