<?xml version="1.0" encoding="UTF-8"?>
<!-- Generated by org.testng.reporters.JUnitReportReporter -->
<testsuite skipped="0" hostname="LAPTOP-A5GJABUP" name="FunctionalTesting.AppTest_Functional" tests="1" failures="0" timestamp="08 Feb 2021 20:57:14 GMT" time="0.002" errors="0">
  <testcase name="TC1" time="0.002" classname="FunctionalTesting.AppTest_Functional"/>
</testsuite> <!-- FunctionalTesting.AppTest_Functional -->
