<?xml version="1.0" encoding="UTF-8"?>
<!-- Generated by org.testng.reporters.JUnitReportReporter -->
<testsuite skipped="0" hostname="LAPTOP-A5GJABUP" name="com.org.adhoc.PrintRangeNumbersGiven" tests="2" failures="0" timestamp="11 Apr 2021 19:08:06 GMT" time="0.077" errors="0">
  <testcase name="TriangleArea" time="0.016" classname="com.org.adhoc.PrintRangeNumbersGiven"/>
  <testcase name="PrintGiveRange" time="0.061" classname="com.org.adhoc.PrintRangeNumbersGiven"/>
</testsuite> <!-- com.org.adhoc.PrintRangeNumbersGiven -->
