<?xml version="1.0" encoding="UTF-8"?>
<!-- Generated by org.testng.reporters.JUnitReportReporter -->
<testsuite skipped="0" hostname="LAPTOP-A5GJABUP" name="com.org.tests.HCLWebTests" tests="1" failures="0" timestamp="12 Apr 2021 11:54:55 GMT" time="20.237" errors="0">
  <testcase name="SavingShivNadarPhoto" time="20.237" classname="com.org.tests.HCLWebTests"/>
</testsuite> <!-- com.org.tests.HCLWebTests -->
