<?xml version="1.0" encoding="UTF-8"?>
<!-- Generated by org.testng.reporters.JUnitReportReporter -->
<testsuite skipped="0" hostname="LAPTOP-A5GJABUP" name="com.org.tests.AdhocTestCaseRun" tests="2" failures="0" timestamp="18 Apr 2021 22:11:28 GMT" time="0.032" errors="0">
  <testcase name="TriangleArea" time="0.016" classname="com.org.tests.AdhocTestCaseRun"/>
  <testcase name="PrintGivenRange" time="0.016" classname="com.org.tests.AdhocTestCaseRun"/>
</testsuite> <!-- com.org.tests.AdhocTestCaseRun -->
