<?xml version="1.0" encoding="UTF-8"?>
<!-- Generated by org.testng.reporters.JUnitReportReporter -->
<testsuite skipped="0" hostname="LAPTOP-A5GJABUP" name="com.org.tests.PrintSmallestDifferenceGoal" tests="1" failures="0" timestamp="18 Apr 2021 22:12:22 GMT" time="0.015" errors="0">
  <testcase name="TeamWithSmallestDifferenceGoal" time="0.015" classname="com.org.tests.PrintSmallestDifferenceGoal"/>
</testsuite> <!-- com.org.tests.PrintSmallestDifferenceGoal -->
