<?xml version="1.0" encoding="UTF-8"?>
<!-- Generated by org.testng.reporters.JUnitReportReporter -->
<testsuite skipped="0" hostname="LAPTOP-A5GJABUP" name="com.org.tests.HCLWebTests" tests="2" failures="0" timestamp="18 Apr 2021 22:11:28 GMT" time="29.672" errors="0">
  <testcase name="SavingShivNadarPhoto" time="16.057" classname="com.org.tests.HCLWebTests"/>
  <testcase name="ValidateShivNadarTextInBODList" time="13.615" classname="com.org.tests.HCLWebTests"/>
</testsuite> <!-- com.org.tests.HCLWebTests -->
