<?xml version="1.0" encoding="UTF-8"?>
<!-- Generated by org.testng.reporters.JUnitReportReporter -->
<testsuite skipped="0" hostname="LAPTOP-A5GJABUP" name="com.org.tests.HCLWebTests" tests="2" failures="0" timestamp="18 Apr 2021 22:49:11 GMT" time="29.243" errors="0">
  <testcase name="SavingShivNadarPhoto" time="16.240" classname="com.org.tests.HCLWebTests"/>
  <testcase name="ValidateShivNadarTextInBODList" time="13.003" classname="com.org.tests.HCLWebTests"/>
</testsuite> <!-- com.org.tests.HCLWebTests -->
