<?xml version="1.0" encoding="UTF-8"?>
<!-- Generated by org.testng.reporters.JUnitReportReporter -->
<testsuite skipped="0" hostname="LAPTOP-A5GJABUP" name="com.org.tests.AdhocTestCaseRun" tests="2" failures="0" timestamp="12 Apr 2021 06:33:51 GMT" time="0.039" errors="0">
  <testcase name="PrintGiveRange" time="0.035" classname="com.org.tests.AdhocTestCaseRun"/>
  <testcase name="TriangleArea" time="0.004" classname="com.org.tests.AdhocTestCaseRun"/>
</testsuite> <!-- com.org.tests.AdhocTestCaseRun -->
