<?xml version="1.0" encoding="UTF-8"?>
<!-- Generated by org.testng.reporters.JUnitReportReporter -->
<testsuite skipped="0" hostname="WP3078" name="SeleniumParallelTesting.SeleniumParallelTesting.AppTest" tests="3" failures="0" timestamp="2020-01-31T16:14:00 CET" time="26.005" errors="0">
  <testcase name="GooglePage" time="8.798" classname="SeleniumParallelTesting.SeleniumParallelTesting.AppTest"/>
  <testcase name="WebTableExcercise1" time="7.921" classname="SeleniumParallelTesting.SeleniumParallelTesting.AppTest"/>
  <testcase name="DropDownWithoutSelectClass_WithBootStrapProgramTest" time="9.286" classname="SeleniumParallelTesting.SeleniumParallelTesting.AppTest"/>
</testsuite> <!-- SeleniumParallelTesting.SeleniumParallelTesting.AppTest -->
