<?xml version="1.0" encoding="UTF-8"?>
<!-- Generated by org.testng.reporters.JUnitReportReporter -->
<testsuite skipped="0" hostname="LAPTOP-A5GJABUP" name="SeleniumParallelTesting.SeleniumParallelTesting.AppTest" tests="3" failures="0" timestamp="2020-02-05T00:41:22 CET" time="48.020" errors="0">
  <testcase name="GooglePage" time="15.205" classname="SeleniumParallelTesting.SeleniumParallelTesting.AppTest"/>
  <testcase name="WebTableExcercise1" time="14.123" classname="SeleniumParallelTesting.SeleniumParallelTesting.AppTest"/>
  <testcase name="DropDownWithoutSelectClass_WithBootStrapProgramTest" time="18.692" classname="SeleniumParallelTesting.SeleniumParallelTesting.AppTest"/>
</testsuite> <!-- SeleniumParallelTesting.SeleniumParallelTesting.AppTest -->
