<?xml version="1.0" encoding="UTF-8"?>
<!-- Generated by org.testng.reporters.JUnitReportReporter -->
<testsuite skipped="0" hostname="WP3078" name="SeleniumParallelTesting.SeleniumParallelTesting.EVWeb" tests="1" failures="0" timestamp="2020-02-27T13:46:05 CET" time="22.693" errors="0">
  <testcase name="WebTableExcercise1" time="22.693" classname="SeleniumParallelTesting.SeleniumParallelTesting.EVWeb"/>
</testsuite> <!-- SeleniumParallelTesting.SeleniumParallelTesting.EVWeb -->
