<?xml version="1.0" encoding="UTF-8"?>
<!-- Generated by org.testng.reporters.JUnitReportReporter -->
<testsuite skipped="0" hostname="WP3078" name="SmokeTestPackage.Component1" tests="3" failures="0" timestamp="2020-01-31T14:11:49 CET" time="0.010" errors="0">
  <testcase name="Component1TC3" time="0.000" classname="SmokeTestPackage.Component1"/>
  <testcase name="Component1TC1" time="0.009" classname="SmokeTestPackage.Component1"/>
  <testcase name="Component1TC2" time="0.001" classname="SmokeTestPackage.Component1"/>
</testsuite> <!-- SmokeTestPackage.Component1 -->
