<?xml version="1.0" encoding="UTF-8"?>
<!-- Generated by org.testng.reporters.JUnitReportReporter -->
<testsuite skipped="0" hostname="LAPTOP-A5GJABUP" name="SmokeTestPackage.Component1" tests="3" failures="0" timestamp="2020-02-05T00:33:01 CET" time="0.110" errors="0">
  <testcase name="Component1TC1" time="0.036" classname="SmokeTestPackage.Component1"/>
  <testcase name="Component1TC2" time="0.037" classname="SmokeTestPackage.Component1"/>
  <testcase name="Component1TC3" time="0.037" classname="SmokeTestPackage.Component1"/>
</testsuite> <!-- SmokeTestPackage.Component1 -->
