<?xml version="1.0" encoding="UTF-8"?>
<!-- Generated by org.testng.reporters.JUnitReportReporter -->
<testsuite skipped="0" hostname="LAPTOP-A5GJABUP" name="RegressionTestPackage.RegComponent1.RegressionTCs" tests="4" failures="0" timestamp="09 Feb 2021 20:35:12 GMT" time="0.043" errors="0">
  <testcase name="AddDetaisofExistingCustomer" time="0.006" classname="RegressionTestPackage.RegComponent1.RegressionTCs"/>
  <testcase name="AddDetaisofExistingCustomer" time="0.020" classname="RegressionTestPackage.RegComponent1.RegressionTCs"/>
  <testcase name="CustomerSearch" time="0.010" classname="RegressionTestPackage.RegComponent1.RegressionTCs"/>
  <testcase name="AddDetaisofExistingCustomer" time="0.007" classname="RegressionTestPackage.RegComponent1.RegressionTCs"/>
</testsuite> <!-- RegressionTestPackage.RegComponent1.RegressionTCs -->
