<?xml version="1.0" encoding="UTF-8"?>
<!-- Generated by org.testng.reporters.JUnitReportReporter -->
<testsuite skipped="0" hostname="LAPTOP-A5GJABUP" name="com.org.testapi.TestApiGetMethod" tests="1" failures="0" timestamp="2021-04-02T14:50:00 CEST" time="0.276" errors="0">
  <testcase name="ValidateJasonForGetSingleUser" time="0.276" classname="com.org.testapi.TestApiGetMethod"/>
  <system-out/>
</testsuite> <!-- com.org.testapi.TestApiGetMethod -->
