<?xml version="1.0" encoding="UTF-8"?>
<!-- Generated by org.testng.reporters.JUnitReportReporter -->
<testsuite skipped="0" hostname="LAPTOP-A5GJABUP" name="com.org.testapi.JasonResponsedataInArray" tests="1" failures="0" timestamp="06 Apr 2021 12:11:10 GMT" time="9.680" errors="0">
  <testcase name="ValidateAllSearchResulrsUsingArray1" time="9.680" classname="com.org.testapi.JasonResponsedataInArray"/>
</testsuite> <!-- com.org.testapi.JasonResponsedataInArray -->
