<?xml version="1.0" encoding="UTF-8"?>
<!-- Generated by org.testng.reporters.JUnitReportReporter -->
<testsuite skipped="0" hostname="LAPTOP-A5GJABUP" name="com.org.testapi.TestApiGetUsingQueryParams" tests="1" failures="0" timestamp="2021-04-02T15:19:26 CEST" time="6.326" errors="0">
  <testcase name="queryParameter" time="6.326" classname="com.org.testapi.TestApiGetUsingQueryParams"/>
  <system-out/>
</testsuite> <!-- com.org.testapi.TestApiGetUsingQueryParams -->
