<?xml version="1.0" encoding="UTF-8"?>
<!-- Generated by org.testng.reporters.JUnitReportReporter -->
<testsuite skipped="0" hostname="LAPTOP-A5GJABUP" name="com.org.testapi.TestApiGetUsingQueryParams" tests="1" failures="0" timestamp="17 Apr 2021 22:42:06 GMT" time="3.354" errors="0">
  <testcase name="GetJasonBin" time="3.354" classname="com.org.testapi.TestApiGetUsingQueryParams"/>
</testsuite> <!-- com.org.testapi.TestApiGetUsingQueryParams -->
