<?xml version="1.0" encoding="UTF-8"?>
<!-- Generated by org.testng.reporters.JUnitReportReporter -->
<testsuite skipped="0" hostname="LAPTOP-A5GJABUP" name="com.org.testapi.TestApiPostMethod" tests="1" failures="0" timestamp="2021-04-02T14:50:00 CEST" time="0.307" errors="0">
  <testcase name="ValidateResponseForCreatedUser" time="0.307" classname="com.org.testapi.TestApiPostMethod"/>
  <system-out/>
</testsuite> <!-- com.org.testapi.TestApiPostMethod -->
