<?xml version="1.0" encoding="UTF-8"?>
<!-- Generated by org.testng.reporters.JUnitReportReporter -->
<testsuite skipped="0" hostname="LAPTOP-A5GJABUP" name="com.org.testapi.TestApiPutMethods" tests="1" failures="0" timestamp="2021-04-02T14:50:00 CEST" time="0.274" errors="0">
  <testcase name="UpdateCustomerUsingPUT" time="0.274" classname="com.org.testapi.TestApiPutMethods"/>
  <system-out/>
</testsuite> <!-- com.org.testapi.TestApiPutMethods -->
