<?xml version="1.0" encoding="UTF-8"?>
<!-- Generated by org.testng.reporters.JUnitReportReporter -->
<testsuite skipped="0" hostname="WP3078" name="com.org.test.Guru99MainPageWebTableExcercise" tests="2" failures="0" timestamp="2020-02-20T15:03:48 CET" time="41.009" errors="0">
  <testcase name="WebTableExcercise1" time="14.290" classname="com.org.test.Guru99MainPageWebTableExcercise"/>
  <testcase name="WebTableExcercise" time="26.719" classname="com.org.test.Guru99MainPageWebTableExcercise"/>
</testsuite> <!-- com.org.test.Guru99MainPageWebTableExcercise -->
