<?xml version="1.0" encoding="UTF-8"?>
<!-- Generated by org.testng.reporters.JUnitReportReporter -->
<testsuite skipped="0" hostname="LAPTOP-A5GJABUP" name="com.org.test.Guru99MainPageWebTableExcercise" tests="1" failures="0" timestamp="2020-10-12T22:35:52 CEST" time="35.741" errors="0">
  <testcase name="WebTableExcercise1" time="35.741" classname="com.org.test.Guru99MainPageWebTableExcercise"/>
</testsuite> <!-- com.org.test.Guru99MainPageWebTableExcercise -->
