<?xml version="1.0" encoding="UTF-8"?>
<!-- Generated by org.testng.reporters.JUnitReportReporter -->
<testsuite skipped="0" hostname="WP3078" name="POMConfiguringTestngXML.POMConfiguringTestngXML.AppTest" tests="3" failures="0" timestamp="2020-01-31T17:04:57 CET" time="23.765" errors="0">
  <testcase name="GooglePage" time="8.472" classname="POMConfiguringTestngXML.POMConfiguringTestngXML.AppTest"/>
  <testcase name="DropDownWithoutSelectClass_WithBootStrapProgramTest" time="9.659" classname="POMConfiguringTestngXML.POMConfiguringTestngXML.AppTest"/>
  <testcase name="WebTableExcercise1" time="5.634" classname="POMConfiguringTestngXML.POMConfiguringTestngXML.AppTest"/>
</testsuite> <!-- POMConfiguringTestngXML.POMConfiguringTestngXML.AppTest -->
