<?xml version="1.0" encoding="UTF-8"?>
<testsuite xmlns:xsi="http://www.w3.org/2001/XMLSchema-instance" xsi:noNamespaceSchemaLocation="https://maven.apache.org/surefire/maven-surefire-plugin/xsd/surefire-test-report.xsd" name="TestSuite" time="12.712" tests="2" errors="0" skipped="0" failures="0">
  <properties>
    <property name="sun.desktop" value="windows"/>
    <property name="awt.toolkit" value="sun.awt.windows.WToolkit"/>
    <property name="file.encoding.pkg" value="sun.io"/>
    <property name="java.specification.version" value="1.8"/>
    <property name="webdriver.chrome.driver" value="C:\Users\kannanu\eclipse-workspace\gurukula-automation-master/drivers/chromedriver.exe"/>
    <property name="sun.cpu.isalist" value="amd64"/>
    <property name="sun.jnu.encoding" value="Cp1252"/>
    <property name="java.class.path" value="C:\Users\kannanu\eclipse-workspace\gurukula-automation-master\target\test-classes;C:\Users\kannanu\eclipse-workspace\gurukula-automation-master\target\classes;C:\devtools\maven\repository\org\testng\testng\6.14.3\testng-6.14.3.jar;C:\devtools\maven\repository\com\beust\jcommander\1.72\jcommander-1.72.jar;C:\devtools\maven\repository\org\apache-extras\beanshell\bsh\2.0b6\bsh-2.0b6.jar;C:\devtools\maven\repository\org\seleniumhq\selenium\selenium-java\3.141.59\selenium-java-3.141.59.jar;C:\devtools\maven\repository\org\seleniumhq\selenium\selenium-api\3.141.59\selenium-api-3.141.59.jar;C:\devtools\maven\repository\org\seleniumhq\selenium\selenium-chrome-driver\3.141.59\selenium-chrome-driver-3.141.59.jar;C:\devtools\maven\repository\org\seleniumhq\selenium\selenium-edge-driver\3.141.59\selenium-edge-driver-3.141.59.jar;C:\devtools\maven\repository\org\seleniumhq\selenium\selenium-firefox-driver\3.141.59\selenium-firefox-driver-3.141.59.jar;C:\devtools\maven\repository\org\seleniumhq\selenium\selenium-ie-driver\3.141.59\selenium-ie-driver-3.141.59.jar;C:\devtools\maven\repository\org\seleniumhq\selenium\selenium-opera-driver\3.141.59\selenium-opera-driver-3.141.59.jar;C:\devtools\maven\repository\org\seleniumhq\selenium\selenium-remote-driver\3.141.59\selenium-remote-driver-3.141.59.jar;C:\devtools\maven\repository\org\seleniumhq\selenium\selenium-safari-driver\3.141.59\selenium-safari-driver-3.141.59.jar;C:\devtools\maven\repository\org\seleniumhq\selenium\selenium-support\3.141.59\selenium-support-3.141.59.jar;C:\devtools\maven\repository\net\bytebuddy\byte-buddy\1.8.15\byte-buddy-1.8.15.jar;C:\devtools\maven\repository\org\apache\commons\commons-exec\1.3\commons-exec-1.3.jar;C:\devtools\maven\repository\com\google\guava\guava\25.0-jre\guava-25.0-jre.jar;C:\devtools\maven\repository\com\google\code\findbugs\jsr305\1.3.9\jsr305-1.3.9.jar;C:\devtools\maven\repository\org\checkerframework\checker-compat-qual\2.0.0\checker-compat-qual-2.0.0.jar;C:\devtools\maven\repository\com\google\errorprone\error_prone_annotations\2.1.3\error_prone_annotations-2.1.3.jar;C:\devtools\maven\repository\com\google\j2objc\j2objc-annotations\1.1\j2objc-annotations-1.1.jar;C:\devtools\maven\repository\org\codehaus\mojo\animal-sniffer-annotations\1.14\animal-sniffer-annotations-1.14.jar;C:\devtools\maven\repository\com\squareup\okhttp3\okhttp\3.11.0\okhttp-3.11.0.jar;C:\devtools\maven\repository\com\squareup\okio\okio\1.14.0\okio-1.14.0.jar;C:\devtools\maven\repository\commons-io\commons-io\1.3.2\commons-io-1.3.2.jar;C:\devtools\maven\repository\log4j\log4j\1.2.17\log4j-1.2.17.jar;"/>
    <property name="java.vm.vendor" value="Oracle Corporation"/>
    <property name="sun.arch.data.model" value="64"/>
    <property name="user.variant" value=""/>
    <property name="java.vendor.url" value="http://java.oracle.com/"/>
    <property name="user.timezone" value="Europe/Berlin"/>
    <property name="java.vm.specification.version" value="1.8"/>
    <property name="os.name" value="Windows 7"/>
    <property name="user.country" value="GB"/>
    <property name="sun.java.launcher" value="SUN_STANDARD"/>
    <property name="sun.boot.library.path" value="C:\Program Files\Java\jdk1.8.0_211\jre\bin"/>
    <property name="sun.java.command" value="C:\Users\kannanu\AppData\Local\Temp\surefire2735766956059340063\surefirebooter6585820476467643566.jar C:\Users\kannanu\AppData\Local\Temp\surefire2735766956059340063 2019-10-30T11-45-01_223-jvmRun1 surefire6070606084368441189tmp surefire_08528338640382100045tmp"/>
    <property name="surefire.test.class.path" value="C:\Users\kannanu\eclipse-workspace\gurukula-automation-master\target\test-classes;C:\Users\kannanu\eclipse-workspace\gurukula-automation-master\target\classes;C:\devtools\maven\repository\org\testng\testng\6.14.3\testng-6.14.3.jar;C:\devtools\maven\repository\com\beust\jcommander\1.72\jcommander-1.72.jar;C:\devtools\maven\repository\org\apache-extras\beanshell\bsh\2.0b6\bsh-2.0b6.jar;C:\devtools\maven\repository\org\seleniumhq\selenium\selenium-java\3.141.59\selenium-java-3.141.59.jar;C:\devtools\maven\repository\org\seleniumhq\selenium\selenium-api\3.141.59\selenium-api-3.141.59.jar;C:\devtools\maven\repository\org\seleniumhq\selenium\selenium-chrome-driver\3.141.59\selenium-chrome-driver-3.141.59.jar;C:\devtools\maven\repository\org\seleniumhq\selenium\selenium-edge-driver\3.141.59\selenium-edge-driver-3.141.59.jar;C:\devtools\maven\repository\org\seleniumhq\selenium\selenium-firefox-driver\3.141.59\selenium-firefox-driver-3.141.59.jar;C:\devtools\maven\repository\org\seleniumhq\selenium\selenium-ie-driver\3.141.59\selenium-ie-driver-3.141.59.jar;C:\devtools\maven\repository\org\seleniumhq\selenium\selenium-opera-driver\3.141.59\selenium-opera-driver-3.141.59.jar;C:\devtools\maven\repository\org\seleniumhq\selenium\selenium-remote-driver\3.141.59\selenium-remote-driver-3.141.59.jar;C:\devtools\maven\repository\org\seleniumhq\selenium\selenium-safari-driver\3.141.59\selenium-safari-driver-3.141.59.jar;C:\devtools\maven\repository\org\seleniumhq\selenium\selenium-support\3.141.59\selenium-support-3.141.59.jar;C:\devtools\maven\repository\net\bytebuddy\byte-buddy\1.8.15\byte-buddy-1.8.15.jar;C:\devtools\maven\repository\org\apache\commons\commons-exec\1.3\commons-exec-1.3.jar;C:\devtools\maven\repository\com\google\guava\guava\25.0-jre\guava-25.0-jre.jar;C:\devtools\maven\repository\com\google\code\findbugs\jsr305\1.3.9\jsr305-1.3.9.jar;C:\devtools\maven\repository\org\checkerframework\checker-compat-qual\2.0.0\checker-compat-qual-2.0.0.jar;C:\devtools\maven\repository\com\google\errorprone\error_prone_annotations\2.1.3\error_prone_annotations-2.1.3.jar;C:\devtools\maven\repository\com\google\j2objc\j2objc-annotations\1.1\j2objc-annotations-1.1.jar;C:\devtools\maven\repository\org\codehaus\mojo\animal-sniffer-annotations\1.14\animal-sniffer-annotations-1.14.jar;C:\devtools\maven\repository\com\squareup\okhttp3\okhttp\3.11.0\okhttp-3.11.0.jar;C:\devtools\maven\repository\com\squareup\okio\okio\1.14.0\okio-1.14.0.jar;C:\devtools\maven\repository\commons-io\commons-io\1.3.2\commons-io-1.3.2.jar;C:\devtools\maven\repository\log4j\log4j\1.2.17\log4j-1.2.17.jar;"/>
    <property name="sun.cpu.endian" value="little"/>
    <property name="user.home" value="C:\Users\kannanu"/>
    <property name="user.language" value="en"/>
    <property name="java.specification.vendor" value="Oracle Corporation"/>
    <property name="java.home" value="C:\Program Files\Java\jdk1.8.0_211\jre"/>
    <property name="basedir" value="C:\Users\kannanu\eclipse-workspace\gurukula-automation-master"/>
    <property name="file.separator" value="\"/>
    <property name="line.separator" value="&#10;"/>
    <property name="java.vm.specification.vendor" value="Oracle Corporation"/>
    <property name="java.specification.name" value="Java Platform API Specification"/>
    <property name="java.awt.graphicsenv" value="sun.awt.Win32GraphicsEnvironment"/>
    <property name="surefire.real.class.path" value="C:\Users\kannanu\AppData\Local\Temp\surefire2735766956059340063\surefirebooter6585820476467643566.jar"/>
    <property name="sun.boot.class.path" value="C:\Program Files\Java\jdk1.8.0_211\jre\lib\resources.jar;C:\Program Files\Java\jdk1.8.0_211\jre\lib\rt.jar;C:\Program Files\Java\jdk1.8.0_211\jre\lib\sunrsasign.jar;C:\Program Files\Java\jdk1.8.0_211\jre\lib\jsse.jar;C:\Program Files\Java\jdk1.8.0_211\jre\lib\jce.jar;C:\Program Files\Java\jdk1.8.0_211\jre\lib\charsets.jar;C:\Program Files\Java\jdk1.8.0_211\jre\lib\jfr.jar;C:\Program Files\Java\jdk1.8.0_211\jre\classes"/>
    <property name="user.script" value=""/>
    <property name="sun.management.compiler" value="HotSpot 64-Bit Tiered Compilers"/>
    <property name="java.runtime.version" value="1.8.0_211-b12"/>
    <property name="user.name" value="kannanu"/>
    <property name="path.separator" value=";"/>
    <property name="os.version" value="6.1"/>
    <property name="java.endorsed.dirs" value="C:\Program Files\Java\jdk1.8.0_211\jre\lib\endorsed"/>
    <property name="java.runtime.name" value="Java(TM) SE Runtime Environment"/>
    <property name="file.encoding" value="Cp1252"/>
    <property name="browser" value="firefox"/>
    <property name="java.vm.name" value="Java HotSpot(TM) 64-Bit Server VM"/>
    <property name="localRepository" value="C:\devtools\maven\repository"/>
    <property name="java.vendor.url.bug" value="http://bugreport.sun.com/bugreport/"/>
    <property name="java.io.tmpdir" value="C:\Users\kannanu\AppData\Local\Temp\"/>
    <property name="java.version" value="1.8.0_211"/>
    <property name="user.dir" value="C:\Users\kannanu\eclipse-workspace\gurukula-automation-master"/>
    <property name="os.arch" value="amd64"/>
    <property name="webdriver.gecko.driver" value="C:\Users\kannanu\eclipse-workspace\gurukula-automation-master/drivers/geckodriver.exe"/>
    <property name="java.vm.specification.name" value="Java Virtual Machine Specification"/>
    <property name="java.awt.printerjob" value="sun.awt.windows.WPrinterJob"/>
    <property name="sun.os.patch.level" value="Service Pack 1"/>
    <property name="java.library.path" value="C:\Program Files\Java\jdk1.8.0_211\jre\bin;C:\Windows\Sun\Java\bin;C:\Windows\system32;C:\Windows;C:\Program Files\Java\jdk1.8.0_211\bin;C:\Program Files (x86)\Common Files\Oracle\Java\javapath;C:\Windows\system32;C:\Windows;C:\Windows\System32\Wbem;C:\Windows\System32\WindowsPowerShell\v1.0\;C:\Program Files (x86)\Common Files\;C:\Program Files (x86)\Common Files\EMC;C:\Program Files (x86)\QuickTime\QTSystem\;C:\Windows\System32\WindowsPowerShell\v1.0\;C:\Windows\System32\WindowsPowerShell\v1.0\;C:\Program Files (x86)\CVArchiverAddin;C:\Windows\System32\WindowsPowerShell\v1.0\;C:\devtools\apache-maven-3.6.1\bin;C:\Program Files\Java\jdk1.8.0_211\jre\lib\ext\ojdbc8.jar;C:\Users\kannanu\AppData\Local\Programs\Python\Python37-32;C:\Users\kannanu\AppData\Local\Programs\Python\Python37-32\Scripts\;C:\Program Files\nodejs\;C:\Users\kannanu\AppData\Local\Programs\Python\Python37-32\Scripts\;C:\Users\kannanu\AppData\Local\Programs\Python\Python37-32\;C:\Program Files\Java\jdk1.8.0_211\bin;C:\Program Files (x86)\Common Files\Oracle\Java\javapath;C:\Windows\system32;C:\Windows;C:\Windows\System32\Wbem;C:\Windows\System32\WindowsPowerShell\v1.0\;C:\Program Files (x86)\Common Files\;C:\Program Files (x86)\Common Files\EMC;C:\Program Files (x86)\QuickTime\QTSystem\;C:\Windows\System32\WindowsPowerShell\v1.0\;C:\Windows\System32\WindowsPowerShell\v1.0\;C:\Program Files (x86)\CVArchiverAddin;C:\Windows\System32\WindowsPowerShell\v1.0\;C:\Users\kannanu\AppData\Roaming\npm;."/>
    <property name="java.vm.info" value="mixed mode"/>
    <property name="java.vendor" value="Oracle Corporation"/>
    <property name="java.vm.version" value="25.211-b12"/>
    <property name="java.ext.dirs" value="C:\Program Files\Java\jdk1.8.0_211\jre\lib\ext;C:\Windows\Sun\Java\lib\ext"/>
    <property name="sun.io.unicode.encoding" value="UnicodeLittle"/>
    <property name="java.class.version" value="52.0"/>
  </properties>
  <testcase name="tc_01_testBranchPage" classname="com.gurukula.tests.BranchTest" time="0.004"/>
  <testcase name="WebTableExcercise1" classname="com.gurukula.tests.LoginTest" time="1.723"/>
</testsuite>