<?xml version="1.0" encoding="UTF-8"?>
<!-- Generated by org.testng.reporters.JUnitReportReporter -->
<testsuite skipped="0" hostname="LAPTOP-A5GJABUP" name="SeleniumSession1.SeleniumSession1.SwitchTO" tests="2" failures="0" timestamp="08 Jul 2020 18:46:52 GMT" time="25.358" errors="0">
  <testcase name="WindowHandle2" time="8.709" classname="SeleniumSession1.SeleniumSession1.SwitchTO"/>
  <testcase name="WindowHandle1" time="16.649" classname="SeleniumSession1.SeleniumSession1.SwitchTO"/>
</testsuite> <!-- SeleniumSession1.SeleniumSession1.SwitchTO -->
