<?xml version="1.0" encoding="UTF-8"?>
<!-- Generated by org.testng.reporters.JUnitReportReporter -->
<testsuite skipped="0" hostname="LAPTOP-A5GJABUP" name="com.org.tests.ZyLabLibraryTests" tests="1" failures="0" timestamp="17 Feb 2020 00:02:51 GMT" time="10.289" errors="0">
  <testcase name="ButtonsAvailabilityCheck" time="10.289" classname="com.org.tests.ZyLabLibraryTests"/>
</testsuite> <!-- com.org.tests.ZyLabLibraryTests -->
