<?xml version="1.0" encoding="UTF-8"?>
<!-- Generated by org.testng.reporters.JUnitReportReporter -->
<testsuite skipped="0" hostname="WP3078" name="com.org.tests.ZyLabLibraryTests" tests="2" failures="0" timestamp="17 Feb 2020 16:37:09 GMT" time="10.589" errors="0">
  <testcase name="BookDetailsMandatoryCheck" time="4.947" classname="com.org.tests.ZyLabLibraryTests"/>
  <testcase name="YearofPublishingEnterAlphaNumeric" time="5.642" classname="com.org.tests.ZyLabLibraryTests"/>
</testsuite> <!-- com.org.tests.ZyLabLibraryTests -->
