<?xml version="1.0" encoding="UTF-8"?>
<!-- Generated by org.testng.reporters.JUnitReportReporter -->
<testsuite skipped="0" hostname="LAPTOP-A5GJABUP" name="com.org.tests.ZyLabLibraryTests" tests="1" failures="0" timestamp="16 Feb 2020 00:56:36 GMT" time="7.842" errors="0">
  <testcase name="BookDetailsTextBoxDetailDisplay" time="7.842" classname="com.org.tests.ZyLabLibraryTests"/>
</testsuite> <!-- com.org.tests.ZyLabLibraryTests -->
